d:\users\tretdm\documents\sources\git\github.com\tinelix\opendss\libs\dse\out\pdb\vc143.pdb
d:\users\tretdm\documents\sources\git\github.com\tinelix\opendss\libs\dse\out\pdb\vc143.idb
d:\users\tretdm\documents\sources\git\github.com\tinelix\opendss\libs\dse\out\obj\player.obj
d:\users\tretdm\documents\sources\git\github.com\tinelix\opendss\libs\dse\out\obj\extstr.obj
d:\users\tretdm\documents\sources\git\github.com\tinelix\opendss\libs\dse\out\obj\dsewin.obj
d:\users\tretdm\documents\sources\git\github.com\tinelix\opendss\libs\dse\out\obj\pch.obj
d:\users\tretdm\documents\sources\git\github.com\tinelix\opendss\libs\dse\out\obj\dse.obj
d:\users\tretdm\documents\sources\git\github.com\tinelix\opendss\libs\dse\out\obj\audiodec.obj
d:\users\tretdm\documents\sources\git\github.com\tinelix\opendss\libs\dse\out\obj\dsemodl.obj
d:\users\tretdm\documents\sources\git\github.com\tinelix\opendss\libs\dse\out\bin\opendse.dll
d:\users\tretdm\documents\sources\git\github.com\tinelix\opendss\libs\dse\out\pdb\opendse.pdb
d:\users\tretdm\documents\sources\git\github.com\tinelix\opendss\libs\dse\opendse\x64\debug\opendse.res
d:\users\tretdm\documents\sources\git\github.com\tinelix\opendss\libs\dse\out\bin\opendse.lib
d:\users\tretdm\documents\sources\git\github.com\tinelix\opendss\libs\dse\out\bin\opendse.exp
d:\users\tretdm\documents\sources\git\github.com\tinelix\opendss\libs\dse\out\intermediate\opendse.ilk
d:\users\tretdm\documents\sources\git\github.com\tinelix\opendss\libs\dse\opendse\x64\debug\opendse.tlog\cl.command.1.tlog
d:\users\tretdm\documents\sources\git\github.com\tinelix\opendss\libs\dse\opendse\x64\debug\opendse.tlog\cl.items.tlog
d:\users\tretdm\documents\sources\git\github.com\tinelix\opendss\libs\dse\opendse\x64\debug\opendse.tlog\cl.read.1.tlog
d:\users\tretdm\documents\sources\git\github.com\tinelix\opendss\libs\dse\opendse\x64\debug\opendse.tlog\cl.write.1.tlog
d:\users\tretdm\documents\sources\git\github.com\tinelix\opendss\libs\dse\opendse\x64\debug\opendse.tlog\link.6216-cvtres.read.1.tlog
d:\users\tretdm\documents\sources\git\github.com\tinelix\opendss\libs\dse\opendse\x64\debug\opendse.tlog\link.6216-cvtres.write.1.tlog
d:\users\tretdm\documents\sources\git\github.com\tinelix\opendss\libs\dse\opendse\x64\debug\opendse.tlog\link.6216-rc.read.1.tlog
d:\users\tretdm\documents\sources\git\github.com\tinelix\opendss\libs\dse\opendse\x64\debug\opendse.tlog\link.6216-rc.write.1.tlog
d:\users\tretdm\documents\sources\git\github.com\tinelix\opendss\libs\dse\opendse\x64\debug\opendse.tlog\link.6216.read.1.tlog
d:\users\tretdm\documents\sources\git\github.com\tinelix\opendss\libs\dse\opendse\x64\debug\opendse.tlog\link.6216.read.2.tlog
d:\users\tretdm\documents\sources\git\github.com\tinelix\opendss\libs\dse\opendse\x64\debug\opendse.tlog\link.6216.write.1.tlog
d:\users\tretdm\documents\sources\git\github.com\tinelix\opendss\libs\dse\opendse\x64\debug\opendse.tlog\link.command.1.tlog
d:\users\tretdm\documents\sources\git\github.com\tinelix\opendss\libs\dse\opendse\x64\debug\opendse.tlog\link.read.1.tlog
d:\users\tretdm\documents\sources\git\github.com\tinelix\opendss\libs\dse\opendse\x64\debug\opendse.tlog\link.secondary.1.tlog
d:\users\tretdm\documents\sources\git\github.com\tinelix\opendss\libs\dse\opendse\x64\debug\opendse.tlog\link.write.1.tlog
d:\users\tretdm\documents\sources\git\github.com\tinelix\opendss\libs\dse\opendse\x64\debug\opendse.tlog\rc.command.1.tlog
d:\users\tretdm\documents\sources\git\github.com\tinelix\opendss\libs\dse\opendse\x64\debug\opendse.tlog\rc.read.1.tlog
d:\users\tretdm\documents\sources\git\github.com\tinelix\opendss\libs\dse\opendse\x64\debug\opendse.tlog\rc.write.1.tlog
