C:\Program Files (x86)\MSBuild\Microsoft.Cpp\v4.0\V140\Microsoft.CppBuild.targets(368,5): warning MSB8004: Output Directory does not end with a trailing slash.  This build instance will add the slash as it is required to allow proper evaluation of the Output Directory.
  auddeci.cpp
D:\Users\tretdm\Documents\Sources\Git\github.com\tinelix\OpenDSS\tui\..\libs\dse/include/utils/stream.h(53): warning C4091: typedef : пропускается слева от "DSE_STREAM_INFO", когда ни одна переменная не объявлена
D:\Users\tretdm\Documents\Sources\Git\github.com\tinelix\OpenDSS\tui\..\libs\dse/include/utils/stream.h(57): warning C4091: typedef : пропускается слева от "DSE_STREAM_TIMESTAMP", когда ни одна переменная не объявлена
D:\Users\tretdm\Documents\Sources\Git\github.com\tinelix\OpenDSS\tui\..\libs\dse/include/utils/stream.h(62): warning C4091: typedef : пропускается слева от "DSE_AUDIO_SPECTRUM", когда ни одна переменная не объявлена
c:\program files (x86)\microsoft sdks\windows\v7.1a\include\sal_supp.h(57): warning C4005: __useHeader: изменение макроопределения
  C:\Program Files (x86)\Microsoft Visual Studio 14.0\VC\include\sal.h(2866): note: см. предыдущее определение "__useHeader"
c:\program files (x86)\microsoft sdks\windows\v7.1a\include\specstrings_supp.h(77): warning C4005: __on_failure: изменение макроопределения
  C:\Program Files (x86)\Microsoft Visual Studio 14.0\VC\include\sal.h(2876): note: см. предыдущее определение "__on_failure"
C:\Program Files (x86)\Microsoft SDKs\Windows\v7.1A\include\wincon.h(101): warning C4005: MOUSE_MOVED: изменение макроопределения
  D:\Users\tretdm\Documents\Sources\Git\github.com\tinelix\OpenDSS\tui\libs\pdcurses\curses.h(192): note: см. предыдущее определение "MOUSE_MOVED"
  extstr.cpp
src\utils\extstr.cpp(12): warning C4267: инициализация: преобразование из "size_t" в "int"; возможна потеря данных
src\utils\extstr.cpp(23): warning C4267: инициализация: преобразование из "size_t" в "int"; возможна потеря данных
  msgbox.cpp
src\controls\msgbox.cpp(34): warning C4267: =: преобразование из "size_t" в "int"; возможна потеря данных
src\controls\msgbox.cpp(51): warning C4566: символ, представленный универсальным именем символа "\u2524", невозможно представить в текущей кодовой странице (1251)
src\controls\msgbox.cpp(51): warning C4566: символ, представленный универсальным именем символа "\u251C", невозможно представить в текущей кодовой странице (1251)
src\controls\msgbox.cpp(52): warning C4267: аргумент: преобразование из "size_t" в "int"; возможна потеря данных
src\controls\msgbox.cpp(74): warning C4267: =: преобразование из "size_t" в "int"; возможна потеря данных
src\controls\msgbox.cpp(89): warning C4566: символ, представленный универсальным именем символа "\u2524", невозможно представить в текущей кодовой странице (1251)
src\controls\msgbox.cpp(89): warning C4566: символ, представленный универсальным именем символа "\u251C", невозможно представить в текущей кодовой странице (1251)
src\controls\msgbox.cpp(90): warning C4267: аргумент: преобразование из "size_t" в "int"; возможна потеря данных
  listbox.cpp
src\controls\listbox.cpp(115): warning C4267: аргумент: преобразование из "size_t" в "int"; возможна потеря данных
src\controls\listbox.cpp(104): warning C4474: "sprintf_s" : для строки формата передано слишком много аргументов
  src\controls\listbox.cpp(104): note: заполнители и их параметры ожидают переменное число аргументов в количестве 2, но было предоставлено 3
src\controls\listbox.cpp(304): warning C4566: символ, представленный универсальным именем символа "\u251C", невозможно представить в текущей кодовой странице (1251)
src\controls\listbox.cpp(304): warning C4566: символ, представленный универсальным именем символа "\u2500", невозможно представить в текущей кодовой странице (1251)
src\controls\listbox.cpp(307): warning C4566: символ, представленный универсальным именем символа "\u2514", невозможно представить в текущей кодовой странице (1251)
src\controls\listbox.cpp(307): warning C4566: символ, представленный универсальным именем символа "\u2500", невозможно представить в текущей кодовой странице (1251)
  fileman.cpp
c:\program files (x86)\microsoft sdks\windows\v7.1a\include\sal_supp.h(57): warning C4005: __useHeader: изменение макроопределения
  C:\Program Files (x86)\Microsoft Visual Studio 14.0\VC\include\sal.h(2866): note: см. предыдущее определение "__useHeader"
c:\program files (x86)\microsoft sdks\windows\v7.1a\include\specstrings_supp.h(77): warning C4005: __on_failure: изменение макроопределения
  C:\Program Files (x86)\Microsoft Visual Studio 14.0\VC\include\sal.h(2876): note: см. предыдущее определение "__on_failure"
src\utils\fileman.cpp(100): warning C4267: инициализация: преобразование из "size_t" в "int"; возможна потеря данных
  extwnd.cpp
src\controls\extwnd.cpp(115): warning C4566: символ, представленный универсальным именем символа "\u2524", невозможно представить в текущей кодовой странице (1251)
src\controls\extwnd.cpp(115): warning C4566: символ, представленный универсальным именем символа "\u251C", невозможно представить в текущей кодовой странице (1251)
src\controls\extwnd.cpp(116): warning C4267: аргумент: преобразование из "size_t" в "int"; возможна потеря данных
src\controls\extwnd.cpp(147): warning C4566: символ, представленный универсальным именем символа "\u2524", невозможно представить в текущей кодовой странице (1251)
src\controls\extwnd.cpp(147): warning C4566: символ, представленный универсальным именем символа "\u251C", невозможно представить в текущей кодовой странице (1251)
src\controls\extwnd.cpp(148): warning C4267: аргумент: преобразование из "size_t" в "int"; возможна потеря данных
  opendss.cpp
c:\program files (x86)\microsoft sdks\windows\v7.1a\include\sal_supp.h(57): warning C4005: __useHeader: изменение макроопределения
  C:\Program Files (x86)\Microsoft Visual Studio 14.0\VC\include\sal.h(2866): note: см. предыдущее определение "__useHeader"
c:\program files (x86)\microsoft sdks\windows\v7.1a\include\specstrings_supp.h(77): warning C4005: __on_failure: изменение макроопределения
  C:\Program Files (x86)\Microsoft Visual Studio 14.0\VC\include\sal.h(2876): note: см. предыдущее определение "__on_failure"
C:\Program Files (x86)\Microsoft SDKs\Windows\v7.1A\include\wincon.h(101): warning C4005: MOUSE_MOVED: изменение макроопределения
  D:\Users\tretdm\Documents\Sources\Git\github.com\tinelix\OpenDSS\tui\libs\pdcurses\curses.h(192): note: см. предыдущее определение "MOUSE_MOVED"
D:\Users\tretdm\Documents\Sources\Git\github.com\tinelix\OpenDSS\tui\..\libs\dse/include/utils/stream.h(53): warning C4091: typedef : пропускается слева от "DSE_STREAM_INFO", когда ни одна переменная не объявлена
D:\Users\tretdm\Documents\Sources\Git\github.com\tinelix\OpenDSS\tui\..\libs\dse/include/utils/stream.h(57): warning C4091: typedef : пропускается слева от "DSE_STREAM_TIMESTAMP", когда ни одна переменная не объявлена
D:\Users\tretdm\Documents\Sources\Git\github.com\tinelix\OpenDSS\tui\..\libs\dse/include/utils/stream.h(62): warning C4091: typedef : пропускается слева от "DSE_AUDIO_SPECTRUM", когда ни одна переменная не объявлена
C:\Program Files (x86)\Microsoft SDKs\Windows\v7.1A\include\ntstatus.h(147): warning C4005: STATUS_WAIT_0: изменение макроопределения
  C:\Program Files (x86)\Microsoft SDKs\Windows\v7.1A\include\winnt.h(1983): note: см. предыдущее определение "STATUS_WAIT_0"
C:\Program Files (x86)\Microsoft SDKs\Windows\v7.1A\include\ntstatus.h(199): warning C4005: STATUS_ABANDONED_WAIT_0: изменение макроопределения
  C:\Program Files (x86)\Microsoft SDKs\Windows\v7.1A\include\winnt.h(1984): note: см. предыдущее определение "STATUS_ABANDONED_WAIT_0"
C:\Program Files (x86)\Microsoft SDKs\Windows\v7.1A\include\ntstatus.h(222): warning C4005: STATUS_USER_APC: изменение макроопределения
  C:\Program Files (x86)\Microsoft SDKs\Windows\v7.1A\include\winnt.h(1985): note: см. предыдущее определение "STATUS_USER_APC"
C:\Program Files (x86)\Microsoft SDKs\Windows\v7.1A\include\ntstatus.h(249): warning C4005: STATUS_TIMEOUT: изменение макроопределения
  C:\Program Files (x86)\Microsoft SDKs\Windows\v7.1A\include\winnt.h(1986): note: см. предыдущее определение "STATUS_TIMEOUT"
C:\Program Files (x86)\Microsoft SDKs\Windows\v7.1A\include\ntstatus.h(258): warning C4005: STATUS_PENDING: изменение макроопределения
  C:\Program Files (x86)\Microsoft SDKs\Windows\v7.1A\include\winnt.h(1987): note: см. предыдущее определение "STATUS_PENDING"
C:\Program Files (x86)\Microsoft SDKs\Windows\v7.1A\include\ntstatus.h(651): warning C4005: DBG_EXCEPTION_HANDLED: изменение макроопределения
  C:\Program Files (x86)\Microsoft SDKs\Windows\v7.1A\include\winnt.h(1988): note: см. предыдущее определение "DBG_EXCEPTION_HANDLED"
C:\Program Files (x86)\Microsoft SDKs\Windows\v7.1A\include\ntstatus.h(660): warning C4005: DBG_CONTINUE: изменение макроопределения
  C:\Program Files (x86)\Microsoft SDKs\Windows\v7.1A\include\winnt.h(1989): note: см. предыдущее определение "DBG_CONTINUE"
C:\Program Files (x86)\Microsoft SDKs\Windows\v7.1A\include\ntstatus.h(746): warning C4005: STATUS_SEGMENT_NOTIFICATION: изменение макроопределения
  C:\Program Files (x86)\Microsoft SDKs\Windows\v7.1A\include\winnt.h(1990): note: см. предыдущее определение "STATUS_SEGMENT_NOTIFICATION"
C:\Program Files (x86)\Microsoft SDKs\Windows\v7.1A\include\ntstatus.h(1219): warning C4005: DBG_TERMINATE_THREAD: изменение макроопределения
  C:\Program Files (x86)\Microsoft SDKs\Windows\v7.1A\include\winnt.h(1991): note: см. предыдущее определение "DBG_TERMINATE_THREAD"
C:\Program Files (x86)\Microsoft SDKs\Windows\v7.1A\include\ntstatus.h(1228): warning C4005: DBG_TERMINATE_PROCESS: изменение макроопределения
  C:\Program Files (x86)\Microsoft SDKs\Windows\v7.1A\include\winnt.h(1992): note: см. предыдущее определение "DBG_TERMINATE_PROCESS"
C:\Program Files (x86)\Microsoft SDKs\Windows\v7.1A\include\ntstatus.h(1237): warning C4005: DBG_CONTROL_C: изменение макроопределения
  C:\Program Files (x86)\Microsoft SDKs\Windows\v7.1A\include\winnt.h(1993): note: см. предыдущее определение "DBG_CONTROL_C"
C:\Program Files (x86)\Microsoft SDKs\Windows\v7.1A\include\ntstatus.h(1246): warning C4005: DBG_PRINTEXCEPTION_C: изменение макроопределения
  C:\Program Files (x86)\Microsoft SDKs\Windows\v7.1A\include\winnt.h(1994): note: см. предыдущее определение "DBG_PRINTEXCEPTION_C"
C:\Program Files (x86)\Microsoft SDKs\Windows\v7.1A\include\ntstatus.h(1255): warning C4005: DBG_RIPEXCEPTION: изменение макроопределения
  C:\Program Files (x86)\Microsoft SDKs\Windows\v7.1A\include\winnt.h(1995): note: см. предыдущее определение "DBG_RIPEXCEPTION"
C:\Program Files (x86)\Microsoft SDKs\Windows\v7.1A\include\ntstatus.h(1264): warning C4005: DBG_CONTROL_BREAK: изменение макроопределения
  C:\Program Files (x86)\Microsoft SDKs\Windows\v7.1A\include\winnt.h(1996): note: см. предыдущее определение "DBG_CONTROL_BREAK"
C:\Program Files (x86)\Microsoft SDKs\Windows\v7.1A\include\ntstatus.h(1273): warning C4005: DBG_COMMAND_EXCEPTION: изменение макроопределения
  C:\Program Files (x86)\Microsoft SDKs\Windows\v7.1A\include\winnt.h(1997): note: см. предыдущее определение "DBG_COMMAND_EXCEPTION"
C:\Program Files (x86)\Microsoft SDKs\Windows\v7.1A\include\ntstatus.h(1305): warning C4005: STATUS_GUARD_PAGE_VIOLATION: изменение макроопределения
  C:\Program Files (x86)\Microsoft SDKs\Windows\v7.1A\include\winnt.h(1998): note: см. предыдущее определение "STATUS_GUARD_PAGE_VIOLATION"
C:\Program Files (x86)\Microsoft SDKs\Windows\v7.1A\include\ntstatus.h(1316): warning C4005: STATUS_DATATYPE_MISALIGNMENT: изменение макроопределения
  C:\Program Files (x86)\Microsoft SDKs\Windows\v7.1A\include\winnt.h(1999): note: см. предыдущее определение "STATUS_DATATYPE_MISALIGNMENT"
C:\Program Files (x86)\Microsoft SDKs\Windows\v7.1A\include\ntstatus.h(1327): warning C4005: STATUS_BREAKPOINT: изменение макроопределения
  C:\Program Files (x86)\Microsoft SDKs\Windows\v7.1A\include\winnt.h(2000): note: см. предыдущее определение "STATUS_BREAKPOINT"
C:\Program Files (x86)\Microsoft SDKs\Windows\v7.1A\include\ntstatus.h(1338): warning C4005: STATUS_SINGLE_STEP: изменение макроопределения
  C:\Program Files (x86)\Microsoft SDKs\Windows\v7.1A\include\winnt.h(2001): note: см. предыдущее определение "STATUS_SINGLE_STEP"
C:\Program Files (x86)\Microsoft SDKs\Windows\v7.1A\include\ntstatus.h(1641): warning C4005: STATUS_LONGJUMP: изменение макроопределения
  C:\Program Files (x86)\Microsoft SDKs\Windows\v7.1A\include\winnt.h(2002): note: см. предыдущее определение "STATUS_LONGJUMP"
C:\Program Files (x86)\Microsoft SDKs\Windows\v7.1A\include\ntstatus.h(1668): warning C4005: STATUS_UNWIND_CONSOLIDATE: изменение макроопределения
  C:\Program Files (x86)\Microsoft SDKs\Windows\v7.1A\include\winnt.h(2003): note: см. предыдущее определение "STATUS_UNWIND_CONSOLIDATE"
C:\Program Files (x86)\Microsoft SDKs\Windows\v7.1A\include\ntstatus.h(1735): warning C4005: DBG_EXCEPTION_NOT_HANDLED: изменение макроопределения
  C:\Program Files (x86)\Microsoft SDKs\Windows\v7.1A\include\winnt.h(2004): note: см. предыдущее определение "DBG_EXCEPTION_NOT_HANDLED"
C:\Program Files (x86)\Microsoft SDKs\Windows\v7.1A\include\ntstatus.h(1864): warning C4005: STATUS_ACCESS_VIOLATION: изменение макроопределения
  C:\Program Files (x86)\Microsoft SDKs\Windows\v7.1A\include\winnt.h(2005): note: см. предыдущее определение "STATUS_ACCESS_VIOLATION"
C:\Program Files (x86)\Microsoft SDKs\Windows\v7.1A\include\ntstatus.h(1873): warning C4005: STATUS_IN_PAGE_ERROR: изменение макроопределения
  C:\Program Files (x86)\Microsoft SDKs\Windows\v7.1A\include\winnt.h(2006): note: см. предыдущее определение "STATUS_IN_PAGE_ERROR"
C:\Program Files (x86)\Microsoft SDKs\Windows\v7.1A\include\ntstatus.h(1891): warning C4005: STATUS_INVALID_HANDLE: изменение макроопределения
  C:\Program Files (x86)\Microsoft SDKs\Windows\v7.1A\include\winnt.h(2007): note: см. предыдущее определение "STATUS_INVALID_HANDLE"
C:\Program Files (x86)\Microsoft SDKs\Windows\v7.1A\include\ntstatus.h(1936): warning C4005: STATUS_INVALID_PARAMETER: изменение макроопределения
  C:\Program Files (x86)\Microsoft SDKs\Windows\v7.1A\include\winnt.h(2008): note: см. предыдущее определение "STATUS_INVALID_PARAMETER"
C:\Program Files (x86)\Microsoft SDKs\Windows\v7.1A\include\ntstatus.h(2036): warning C4005: STATUS_NO_MEMORY: изменение макроопределения
  C:\Program Files (x86)\Microsoft SDKs\Windows\v7.1A\include\winnt.h(2009): note: см. предыдущее определение "STATUS_NO_MEMORY"
C:\Program Files (x86)\Microsoft SDKs\Windows\v7.1A\include\ntstatus.h(2093): warning C4005: STATUS_ILLEGAL_INSTRUCTION: изменение макроопределения
  C:\Program Files (x86)\Microsoft SDKs\Windows\v7.1A\include\winnt.h(2010): note: см. предыдущее определение "STATUS_ILLEGAL_INSTRUCTION"
C:\Program Files (x86)\Microsoft SDKs\Windows\v7.1A\include\ntstatus.h(2174): warning C4005: STATUS_NONCONTINUABLE_EXCEPTION: изменение макроопределения
  C:\Program Files (x86)\Microsoft SDKs\Windows\v7.1A\include\winnt.h(2011): note: см. предыдущее определение "STATUS_NONCONTINUABLE_EXCEPTION"
C:\Program Files (x86)\Microsoft SDKs\Windows\v7.1A\include\ntstatus.h(2183): warning C4005: STATUS_INVALID_DISPOSITION: изменение макроопределения
  C:\Program Files (x86)\Microsoft SDKs\Windows\v7.1A\include\winnt.h(2012): note: см. предыдущее определение "STATUS_INVALID_DISPOSITION"
C:\Program Files (x86)\Microsoft SDKs\Windows\v7.1A\include\ntstatus.h(3105): warning C4005: STATUS_ARRAY_BOUNDS_EXCEEDED: изменение макроопределения
  C:\Program Files (x86)\Microsoft SDKs\Windows\v7.1A\include\winnt.h(2013): note: см. предыдущее определение "STATUS_ARRAY_BOUNDS_EXCEEDED"
C:\Program Files (x86)\Microsoft SDKs\Windows\v7.1A\include\ntstatus.h(3115): warning C4005: STATUS_FLOAT_DENORMAL_OPERAND: изменение макроопределения
  C:\Program Files (x86)\Microsoft SDKs\Windows\v7.1A\include\winnt.h(2014): note: см. предыдущее определение "STATUS_FLOAT_DENORMAL_OPERAND"
C:\Program Files (x86)\Microsoft SDKs\Windows\v7.1A\include\ntstatus.h(3125): warning C4005: STATUS_FLOAT_DIVIDE_BY_ZERO: изменение макроопределения
  C:\Program Files (x86)\Microsoft SDKs\Windows\v7.1A\include\winnt.h(2015): note: см. предыдущее определение "STATUS_FLOAT_DIVIDE_BY_ZERO"
C:\Program Files (x86)\Microsoft SDKs\Windows\v7.1A\include\ntstatus.h(3135): warning C4005: STATUS_FLOAT_INEXACT_RESULT: изменение макроопределения
  C:\Program Files (x86)\Microsoft SDKs\Windows\v7.1A\include\winnt.h(2016): note: см. предыдущее определение "STATUS_FLOAT_INEXACT_RESULT"
C:\Program Files (x86)\Microsoft SDKs\Windows\v7.1A\include\ntstatus.h(3145): warning C4005: STATUS_FLOAT_INVALID_OPERATION: изменение макроопределения
  C:\Program Files (x86)\Microsoft SDKs\Windows\v7.1A\include\winnt.h(2017): note: см. предыдущее определение "STATUS_FLOAT_INVALID_OPERATION"
C:\Program Files (x86)\Microsoft SDKs\Windows\v7.1A\include\ntstatus.h(3155): warning C4005: STATUS_FLOAT_OVERFLOW: изменение макроопределения
  C:\Program Files (x86)\Microsoft SDKs\Windows\v7.1A\include\winnt.h(2018): note: см. предыдущее определение "STATUS_FLOAT_OVERFLOW"
C:\Program Files (x86)\Microsoft SDKs\Windows\v7.1A\include\ntstatus.h(3165): warning C4005: STATUS_FLOAT_STACK_CHECK: изменение макроопределения
  C:\Program Files (x86)\Microsoft SDKs\Windows\v7.1A\include\winnt.h(2019): note: см. предыдущее определение "STATUS_FLOAT_STACK_CHECK"
C:\Program Files (x86)\Microsoft SDKs\Windows\v7.1A\include\ntstatus.h(3175): warning C4005: STATUS_FLOAT_UNDERFLOW: изменение макроопределения
  C:\Program Files (x86)\Microsoft SDKs\Windows\v7.1A\include\winnt.h(2020): note: см. предыдущее определение "STATUS_FLOAT_UNDERFLOW"
C:\Program Files (x86)\Microsoft SDKs\Windows\v7.1A\include\ntstatus.h(3185): warning C4005: STATUS_INTEGER_DIVIDE_BY_ZERO: изменение макроопределения
  C:\Program Files (x86)\Microsoft SDKs\Windows\v7.1A\include\winnt.h(2021): note: см. предыдущее определение "STATUS_INTEGER_DIVIDE_BY_ZERO"
C:\Program Files (x86)\Microsoft SDKs\Windows\v7.1A\include\ntstatus.h(3195): warning C4005: STATUS_INTEGER_OVERFLOW: изменение макроопределения
  C:\Program Files (x86)\Microsoft SDKs\Windows\v7.1A\include\winnt.h(2022): note: см. предыдущее определение "STATUS_INTEGER_OVERFLOW"
C:\Program Files (x86)\Microsoft SDKs\Windows\v7.1A\include\ntstatus.h(3205): warning C4005: STATUS_PRIVILEGED_INSTRUCTION: изменение макроопределения
  C:\Program Files (x86)\Microsoft SDKs\Windows\v7.1A\include\winnt.h(2023): note: см. предыдущее определение "STATUS_PRIVILEGED_INSTRUCTION"
C:\Program Files (x86)\Microsoft SDKs\Windows\v7.1A\include\ntstatus.h(4151): warning C4005: STATUS_STACK_OVERFLOW: изменение макроопределения
  C:\Program Files (x86)\Microsoft SDKs\Windows\v7.1A\include\winnt.h(2024): note: см. предыдущее определение "STATUS_STACK_OVERFLOW"
C:\Program Files (x86)\Microsoft SDKs\Windows\v7.1A\include\ntstatus.h(4668): warning C4005: STATUS_DLL_NOT_FOUND: изменение макроопределения
  C:\Program Files (x86)\Microsoft SDKs\Windows\v7.1A\include\winnt.h(2025): note: см. предыдущее определение "STATUS_DLL_NOT_FOUND"
C:\Program Files (x86)\Microsoft SDKs\Windows\v7.1A\include\ntstatus.h(4697): warning C4005: STATUS_ORDINAL_NOT_FOUND: изменение макроопределения
  C:\Program Files (x86)\Microsoft SDKs\Windows\v7.1A\include\winnt.h(2026): note: см. предыдущее определение "STATUS_ORDINAL_NOT_FOUND"
C:\Program Files (x86)\Microsoft SDKs\Windows\v7.1A\include\ntstatus.h(4707): warning C4005: STATUS_ENTRYPOINT_NOT_FOUND: изменение макроопределения
  C:\Program Files (x86)\Microsoft SDKs\Windows\v7.1A\include\winnt.h(2027): note: см. предыдущее определение "STATUS_ENTRYPOINT_NOT_FOUND"
C:\Program Files (x86)\Microsoft SDKs\Windows\v7.1A\include\ntstatus.h(4717): warning C4005: STATUS_CONTROL_C_EXIT: изменение макроопределения
  C:\Program Files (x86)\Microsoft SDKs\Windows\v7.1A\include\winnt.h(2028): note: см. предыдущее определение "STATUS_CONTROL_C_EXIT"
C:\Program Files (x86)\Microsoft SDKs\Windows\v7.1A\include\ntstatus.h(4795): warning C4005: STATUS_DLL_INIT_FAILED: изменение макроопределения
  C:\Program Files (x86)\Microsoft SDKs\Windows\v7.1A\include\winnt.h(2029): note: см. предыдущее определение "STATUS_DLL_INIT_FAILED"
C:\Program Files (x86)\Microsoft SDKs\Windows\v7.1A\include\ntstatus.h(7197): warning C4005: STATUS_FLOAT_MULTIPLE_FAULTS: изменение макроопределения
  C:\Program Files (x86)\Microsoft SDKs\Windows\v7.1A\include\winnt.h(2030): note: см. предыдущее определение "STATUS_FLOAT_MULTIPLE_FAULTS"
C:\Program Files (x86)\Microsoft SDKs\Windows\v7.1A\include\ntstatus.h(7207): warning C4005: STATUS_FLOAT_MULTIPLE_TRAPS: изменение макроопределения
  C:\Program Files (x86)\Microsoft SDKs\Windows\v7.1A\include\winnt.h(2031): note: см. предыдущее определение "STATUS_FLOAT_MULTIPLE_TRAPS"
C:\Program Files (x86)\Microsoft SDKs\Windows\v7.1A\include\ntstatus.h(7330): warning C4005: STATUS_REG_NAT_CONSUMPTION: изменение макроопределения
  C:\Program Files (x86)\Microsoft SDKs\Windows\v7.1A\include\winnt.h(2032): note: см. предыдущее определение "STATUS_REG_NAT_CONSUMPTION"
C:\Program Files (x86)\Microsoft SDKs\Windows\v7.1A\include\ntstatus.h(8523): warning C4005: STATUS_STACK_BUFFER_OVERRUN: изменение макроопределения
  C:\Program Files (x86)\Microsoft SDKs\Windows\v7.1A\include\winnt.h(2033): note: см. предыдущее определение "STATUS_STACK_BUFFER_OVERRUN"
C:\Program Files (x86)\Microsoft SDKs\Windows\v7.1A\include\ntstatus.h(8650): warning C4005: STATUS_INVALID_CRUNTIME_PARAMETER: изменение макроопределения
  C:\Program Files (x86)\Microsoft SDKs\Windows\v7.1A\include\winnt.h(2034): note: см. предыдущее определение "STATUS_INVALID_CRUNTIME_PARAMETER"
C:\Program Files (x86)\Microsoft SDKs\Windows\v7.1A\include\ntstatus.h(8713): warning C4005: STATUS_ASSERTION_FAILURE: изменение макроопределения
  C:\Program Files (x86)\Microsoft SDKs\Windows\v7.1A\include\winnt.h(2035): note: см. предыдущее определение "STATUS_ASSERTION_FAILURE"
C:\Program Files (x86)\Microsoft SDKs\Windows\v7.1A\include\ntstatus.h(11904): warning C4005: STATUS_SXS_EARLY_DEACTIVATION: изменение макроопределения
  C:\Program Files (x86)\Microsoft SDKs\Windows\v7.1A\include\winnt.h(2037): note: см. предыдущее определение "STATUS_SXS_EARLY_DEACTIVATION"
C:\Program Files (x86)\Microsoft SDKs\Windows\v7.1A\include\ntstatus.h(11913): warning C4005: STATUS_SXS_INVALID_DEACTIVATION: изменение макроопределения
  C:\Program Files (x86)\Microsoft SDKs\Windows\v7.1A\include\winnt.h(2038): note: см. предыдущее определение "STATUS_SXS_INVALID_DEACTIVATION"
D:\Users\tretdm\Documents\Sources\Git\github.com\tinelix\OpenDSS\tui\src\version.h(32): warning C4005: STATUS_SUCCESS: изменение макроопределения
  C:\Program Files (x86)\Microsoft SDKs\Windows\v7.1A\include\ntstatus.h(64): note: см. предыдущее определение "STATUS_SUCCESS"
  pguiman.cpp
c:\program files (x86)\microsoft sdks\windows\v7.1a\include\sal_supp.h(57): warning C4005: __useHeader: изменение макроопределения
  C:\Program Files (x86)\Microsoft Visual Studio 14.0\VC\include\sal.h(2866): note: см. предыдущее определение "__useHeader"
c:\program files (x86)\microsoft sdks\windows\v7.1a\include\specstrings_supp.h(77): warning C4005: __on_failure: изменение макроопределения
  C:\Program Files (x86)\Microsoft Visual Studio 14.0\VC\include\sal.h(2876): note: см. предыдущее определение "__on_failure"
C:\Program Files (x86)\Microsoft SDKs\Windows\v7.1A\include\wincon.h(101): warning C4005: MOUSE_MOVED: изменение макроопределения
  D:\Users\tretdm\Documents\Sources\Git\github.com\tinelix\OpenDSS\tui\libs\pdcurses\curses.h(192): note: см. предыдущее определение "MOUSE_MOVED"
C:\Program Files (x86)\Microsoft SDKs\Windows\v7.1A\include\ntstatus.h(147): warning C4005: STATUS_WAIT_0: изменение макроопределения
  C:\Program Files (x86)\Microsoft SDKs\Windows\v7.1A\include\winnt.h(1983): note: см. предыдущее определение "STATUS_WAIT_0"
C:\Program Files (x86)\Microsoft SDKs\Windows\v7.1A\include\ntstatus.h(199): warning C4005: STATUS_ABANDONED_WAIT_0: изменение макроопределения
  C:\Program Files (x86)\Microsoft SDKs\Windows\v7.1A\include\winnt.h(1984): note: см. предыдущее определение "STATUS_ABANDONED_WAIT_0"
C:\Program Files (x86)\Microsoft SDKs\Windows\v7.1A\include\ntstatus.h(222): warning C4005: STATUS_USER_APC: изменение макроопределения
  C:\Program Files (x86)\Microsoft SDKs\Windows\v7.1A\include\winnt.h(1985): note: см. предыдущее определение "STATUS_USER_APC"
C:\Program Files (x86)\Microsoft SDKs\Windows\v7.1A\include\ntstatus.h(249): warning C4005: STATUS_TIMEOUT: изменение макроопределения
  C:\Program Files (x86)\Microsoft SDKs\Windows\v7.1A\include\winnt.h(1986): note: см. предыдущее определение "STATUS_TIMEOUT"
C:\Program Files (x86)\Microsoft SDKs\Windows\v7.1A\include\ntstatus.h(258): warning C4005: STATUS_PENDING: изменение макроопределения
  C:\Program Files (x86)\Microsoft SDKs\Windows\v7.1A\include\winnt.h(1987): note: см. предыдущее определение "STATUS_PENDING"
C:\Program Files (x86)\Microsoft SDKs\Windows\v7.1A\include\ntstatus.h(651): warning C4005: DBG_EXCEPTION_HANDLED: изменение макроопределения
  C:\Program Files (x86)\Microsoft SDKs\Windows\v7.1A\include\winnt.h(1988): note: см. предыдущее определение "DBG_EXCEPTION_HANDLED"
C:\Program Files (x86)\Microsoft SDKs\Windows\v7.1A\include\ntstatus.h(660): warning C4005: DBG_CONTINUE: изменение макроопределения
  C:\Program Files (x86)\Microsoft SDKs\Windows\v7.1A\include\winnt.h(1989): note: см. предыдущее определение "DBG_CONTINUE"
C:\Program Files (x86)\Microsoft SDKs\Windows\v7.1A\include\ntstatus.h(746): warning C4005: STATUS_SEGMENT_NOTIFICATION: изменение макроопределения
  C:\Program Files (x86)\Microsoft SDKs\Windows\v7.1A\include\winnt.h(1990): note: см. предыдущее определение "STATUS_SEGMENT_NOTIFICATION"
C:\Program Files (x86)\Microsoft SDKs\Windows\v7.1A\include\ntstatus.h(1219): warning C4005: DBG_TERMINATE_THREAD: изменение макроопределения
  C:\Program Files (x86)\Microsoft SDKs\Windows\v7.1A\include\winnt.h(1991): note: см. предыдущее определение "DBG_TERMINATE_THREAD"
C:\Program Files (x86)\Microsoft SDKs\Windows\v7.1A\include\ntstatus.h(1228): warning C4005: DBG_TERMINATE_PROCESS: изменение макроопределения
  C:\Program Files (x86)\Microsoft SDKs\Windows\v7.1A\include\winnt.h(1992): note: см. предыдущее определение "DBG_TERMINATE_PROCESS"
C:\Program Files (x86)\Microsoft SDKs\Windows\v7.1A\include\ntstatus.h(1237): warning C4005: DBG_CONTROL_C: изменение макроопределения
  C:\Program Files (x86)\Microsoft SDKs\Windows\v7.1A\include\winnt.h(1993): note: см. предыдущее определение "DBG_CONTROL_C"
C:\Program Files (x86)\Microsoft SDKs\Windows\v7.1A\include\ntstatus.h(1246): warning C4005: DBG_PRINTEXCEPTION_C: изменение макроопределения
  C:\Program Files (x86)\Microsoft SDKs\Windows\v7.1A\include\winnt.h(1994): note: см. предыдущее определение "DBG_PRINTEXCEPTION_C"
C:\Program Files (x86)\Microsoft SDKs\Windows\v7.1A\include\ntstatus.h(1255): warning C4005: DBG_RIPEXCEPTION: изменение макроопределения
  C:\Program Files (x86)\Microsoft SDKs\Windows\v7.1A\include\winnt.h(1995): note: см. предыдущее определение "DBG_RIPEXCEPTION"
C:\Program Files (x86)\Microsoft SDKs\Windows\v7.1A\include\ntstatus.h(1264): warning C4005: DBG_CONTROL_BREAK: изменение макроопределения
  C:\Program Files (x86)\Microsoft SDKs\Windows\v7.1A\include\winnt.h(1996): note: см. предыдущее определение "DBG_CONTROL_BREAK"
C:\Program Files (x86)\Microsoft SDKs\Windows\v7.1A\include\ntstatus.h(1273): warning C4005: DBG_COMMAND_EXCEPTION: изменение макроопределения
  C:\Program Files (x86)\Microsoft SDKs\Windows\v7.1A\include\winnt.h(1997): note: см. предыдущее определение "DBG_COMMAND_EXCEPTION"
C:\Program Files (x86)\Microsoft SDKs\Windows\v7.1A\include\ntstatus.h(1305): warning C4005: STATUS_GUARD_PAGE_VIOLATION: изменение макроопределения
  C:\Program Files (x86)\Microsoft SDKs\Windows\v7.1A\include\winnt.h(1998): note: см. предыдущее определение "STATUS_GUARD_PAGE_VIOLATION"
C:\Program Files (x86)\Microsoft SDKs\Windows\v7.1A\include\ntstatus.h(1316): warning C4005: STATUS_DATATYPE_MISALIGNMENT: изменение макроопределения
  C:\Program Files (x86)\Microsoft SDKs\Windows\v7.1A\include\winnt.h(1999): note: см. предыдущее определение "STATUS_DATATYPE_MISALIGNMENT"
C:\Program Files (x86)\Microsoft SDKs\Windows\v7.1A\include\ntstatus.h(1327): warning C4005: STATUS_BREAKPOINT: изменение макроопределения
  C:\Program Files (x86)\Microsoft SDKs\Windows\v7.1A\include\winnt.h(2000): note: см. предыдущее определение "STATUS_BREAKPOINT"
C:\Program Files (x86)\Microsoft SDKs\Windows\v7.1A\include\ntstatus.h(1338): warning C4005: STATUS_SINGLE_STEP: изменение макроопределения
  C:\Program Files (x86)\Microsoft SDKs\Windows\v7.1A\include\winnt.h(2001): note: см. предыдущее определение "STATUS_SINGLE_STEP"
C:\Program Files (x86)\Microsoft SDKs\Windows\v7.1A\include\ntstatus.h(1641): warning C4005: STATUS_LONGJUMP: изменение макроопределения
  C:\Program Files (x86)\Microsoft SDKs\Windows\v7.1A\include\winnt.h(2002): note: см. предыдущее определение "STATUS_LONGJUMP"
C:\Program Files (x86)\Microsoft SDKs\Windows\v7.1A\include\ntstatus.h(1668): warning C4005: STATUS_UNWIND_CONSOLIDATE: изменение макроопределения
  C:\Program Files (x86)\Microsoft SDKs\Windows\v7.1A\include\winnt.h(2003): note: см. предыдущее определение "STATUS_UNWIND_CONSOLIDATE"
C:\Program Files (x86)\Microsoft SDKs\Windows\v7.1A\include\ntstatus.h(1735): warning C4005: DBG_EXCEPTION_NOT_HANDLED: изменение макроопределения
  C:\Program Files (x86)\Microsoft SDKs\Windows\v7.1A\include\winnt.h(2004): note: см. предыдущее определение "DBG_EXCEPTION_NOT_HANDLED"
C:\Program Files (x86)\Microsoft SDKs\Windows\v7.1A\include\ntstatus.h(1864): warning C4005: STATUS_ACCESS_VIOLATION: изменение макроопределения
  C:\Program Files (x86)\Microsoft SDKs\Windows\v7.1A\include\winnt.h(2005): note: см. предыдущее определение "STATUS_ACCESS_VIOLATION"
C:\Program Files (x86)\Microsoft SDKs\Windows\v7.1A\include\ntstatus.h(1873): warning C4005: STATUS_IN_PAGE_ERROR: изменение макроопределения
  C:\Program Files (x86)\Microsoft SDKs\Windows\v7.1A\include\winnt.h(2006): note: см. предыдущее определение "STATUS_IN_PAGE_ERROR"
C:\Program Files (x86)\Microsoft SDKs\Windows\v7.1A\include\ntstatus.h(1891): warning C4005: STATUS_INVALID_HANDLE: изменение макроопределения
  C:\Program Files (x86)\Microsoft SDKs\Windows\v7.1A\include\winnt.h(2007): note: см. предыдущее определение "STATUS_INVALID_HANDLE"
C:\Program Files (x86)\Microsoft SDKs\Windows\v7.1A\include\ntstatus.h(1936): warning C4005: STATUS_INVALID_PARAMETER: изменение макроопределения
  C:\Program Files (x86)\Microsoft SDKs\Windows\v7.1A\include\winnt.h(2008): note: см. предыдущее определение "STATUS_INVALID_PARAMETER"
C:\Program Files (x86)\Microsoft SDKs\Windows\v7.1A\include\ntstatus.h(2036): warning C4005: STATUS_NO_MEMORY: изменение макроопределения
  C:\Program Files (x86)\Microsoft SDKs\Windows\v7.1A\include\winnt.h(2009): note: см. предыдущее определение "STATUS_NO_MEMORY"
C:\Program Files (x86)\Microsoft SDKs\Windows\v7.1A\include\ntstatus.h(2093): warning C4005: STATUS_ILLEGAL_INSTRUCTION: изменение макроопределения
  C:\Program Files (x86)\Microsoft SDKs\Windows\v7.1A\include\winnt.h(2010): note: см. предыдущее определение "STATUS_ILLEGAL_INSTRUCTION"
C:\Program Files (x86)\Microsoft SDKs\Windows\v7.1A\include\ntstatus.h(2174): warning C4005: STATUS_NONCONTINUABLE_EXCEPTION: изменение макроопределения
  C:\Program Files (x86)\Microsoft SDKs\Windows\v7.1A\include\winnt.h(2011): note: см. предыдущее определение "STATUS_NONCONTINUABLE_EXCEPTION"
C:\Program Files (x86)\Microsoft SDKs\Windows\v7.1A\include\ntstatus.h(2183): warning C4005: STATUS_INVALID_DISPOSITION: изменение макроопределения
  C:\Program Files (x86)\Microsoft SDKs\Windows\v7.1A\include\winnt.h(2012): note: см. предыдущее определение "STATUS_INVALID_DISPOSITION"
C:\Program Files (x86)\Microsoft SDKs\Windows\v7.1A\include\ntstatus.h(3105): warning C4005: STATUS_ARRAY_BOUNDS_EXCEEDED: изменение макроопределения
  C:\Program Files (x86)\Microsoft SDKs\Windows\v7.1A\include\winnt.h(2013): note: см. предыдущее определение "STATUS_ARRAY_BOUNDS_EXCEEDED"
C:\Program Files (x86)\Microsoft SDKs\Windows\v7.1A\include\ntstatus.h(3115): warning C4005: STATUS_FLOAT_DENORMAL_OPERAND: изменение макроопределения
  C:\Program Files (x86)\Microsoft SDKs\Windows\v7.1A\include\winnt.h(2014): note: см. предыдущее определение "STATUS_FLOAT_DENORMAL_OPERAND"
C:\Program Files (x86)\Microsoft SDKs\Windows\v7.1A\include\ntstatus.h(3125): warning C4005: STATUS_FLOAT_DIVIDE_BY_ZERO: изменение макроопределения
  C:\Program Files (x86)\Microsoft SDKs\Windows\v7.1A\include\winnt.h(2015): note: см. предыдущее определение "STATUS_FLOAT_DIVIDE_BY_ZERO"
C:\Program Files (x86)\Microsoft SDKs\Windows\v7.1A\include\ntstatus.h(3135): warning C4005: STATUS_FLOAT_INEXACT_RESULT: изменение макроопределения
  C:\Program Files (x86)\Microsoft SDKs\Windows\v7.1A\include\winnt.h(2016): note: см. предыдущее определение "STATUS_FLOAT_INEXACT_RESULT"
C:\Program Files (x86)\Microsoft SDKs\Windows\v7.1A\include\ntstatus.h(3145): warning C4005: STATUS_FLOAT_INVALID_OPERATION: изменение макроопределения
  C:\Program Files (x86)\Microsoft SDKs\Windows\v7.1A\include\winnt.h(2017): note: см. предыдущее определение "STATUS_FLOAT_INVALID_OPERATION"
C:\Program Files (x86)\Microsoft SDKs\Windows\v7.1A\include\ntstatus.h(3155): warning C4005: STATUS_FLOAT_OVERFLOW: изменение макроопределения
  C:\Program Files (x86)\Microsoft SDKs\Windows\v7.1A\include\winnt.h(2018): note: см. предыдущее определение "STATUS_FLOAT_OVERFLOW"
C:\Program Files (x86)\Microsoft SDKs\Windows\v7.1A\include\ntstatus.h(3165): warning C4005: STATUS_FLOAT_STACK_CHECK: изменение макроопределения
  C:\Program Files (x86)\Microsoft SDKs\Windows\v7.1A\include\winnt.h(2019): note: см. предыдущее определение "STATUS_FLOAT_STACK_CHECK"
C:\Program Files (x86)\Microsoft SDKs\Windows\v7.1A\include\ntstatus.h(3175): warning C4005: STATUS_FLOAT_UNDERFLOW: изменение макроопределения
  C:\Program Files (x86)\Microsoft SDKs\Windows\v7.1A\include\winnt.h(2020): note: см. предыдущее определение "STATUS_FLOAT_UNDERFLOW"
C:\Program Files (x86)\Microsoft SDKs\Windows\v7.1A\include\ntstatus.h(3185): warning C4005: STATUS_INTEGER_DIVIDE_BY_ZERO: изменение макроопределения
  C:\Program Files (x86)\Microsoft SDKs\Windows\v7.1A\include\winnt.h(2021): note: см. предыдущее определение "STATUS_INTEGER_DIVIDE_BY_ZERO"
C:\Program Files (x86)\Microsoft SDKs\Windows\v7.1A\include\ntstatus.h(3195): warning C4005: STATUS_INTEGER_OVERFLOW: изменение макроопределения
  C:\Program Files (x86)\Microsoft SDKs\Windows\v7.1A\include\winnt.h(2022): note: см. предыдущее определение "STATUS_INTEGER_OVERFLOW"
C:\Program Files (x86)\Microsoft SDKs\Windows\v7.1A\include\ntstatus.h(3205): warning C4005: STATUS_PRIVILEGED_INSTRUCTION: изменение макроопределения
  C:\Program Files (x86)\Microsoft SDKs\Windows\v7.1A\include\winnt.h(2023): note: см. предыдущее определение "STATUS_PRIVILEGED_INSTRUCTION"
C:\Program Files (x86)\Microsoft SDKs\Windows\v7.1A\include\ntstatus.h(4151): warning C4005: STATUS_STACK_OVERFLOW: изменение макроопределения
  C:\Program Files (x86)\Microsoft SDKs\Windows\v7.1A\include\winnt.h(2024): note: см. предыдущее определение "STATUS_STACK_OVERFLOW"
C:\Program Files (x86)\Microsoft SDKs\Windows\v7.1A\include\ntstatus.h(4668): warning C4005: STATUS_DLL_NOT_FOUND: изменение макроопределения
  C:\Program Files (x86)\Microsoft SDKs\Windows\v7.1A\include\winnt.h(2025): note: см. предыдущее определение "STATUS_DLL_NOT_FOUND"
C:\Program Files (x86)\Microsoft SDKs\Windows\v7.1A\include\ntstatus.h(4697): warning C4005: STATUS_ORDINAL_NOT_FOUND: изменение макроопределения
  C:\Program Files (x86)\Microsoft SDKs\Windows\v7.1A\include\winnt.h(2026): note: см. предыдущее определение "STATUS_ORDINAL_NOT_FOUND"
C:\Program Files (x86)\Microsoft SDKs\Windows\v7.1A\include\ntstatus.h(4707): warning C4005: STATUS_ENTRYPOINT_NOT_FOUND: изменение макроопределения
  C:\Program Files (x86)\Microsoft SDKs\Windows\v7.1A\include\winnt.h(2027): note: см. предыдущее определение "STATUS_ENTRYPOINT_NOT_FOUND"
C:\Program Files (x86)\Microsoft SDKs\Windows\v7.1A\include\ntstatus.h(4717): warning C4005: STATUS_CONTROL_C_EXIT: изменение макроопределения
  C:\Program Files (x86)\Microsoft SDKs\Windows\v7.1A\include\winnt.h(2028): note: см. предыдущее определение "STATUS_CONTROL_C_EXIT"
C:\Program Files (x86)\Microsoft SDKs\Windows\v7.1A\include\ntstatus.h(4795): warning C4005: STATUS_DLL_INIT_FAILED: изменение макроопределения
  C:\Program Files (x86)\Microsoft SDKs\Windows\v7.1A\include\winnt.h(2029): note: см. предыдущее определение "STATUS_DLL_INIT_FAILED"
C:\Program Files (x86)\Microsoft SDKs\Windows\v7.1A\include\ntstatus.h(7197): warning C4005: STATUS_FLOAT_MULTIPLE_FAULTS: изменение макроопределения
  C:\Program Files (x86)\Microsoft SDKs\Windows\v7.1A\include\winnt.h(2030): note: см. предыдущее определение "STATUS_FLOAT_MULTIPLE_FAULTS"
C:\Program Files (x86)\Microsoft SDKs\Windows\v7.1A\include\ntstatus.h(7207): warning C4005: STATUS_FLOAT_MULTIPLE_TRAPS: изменение макроопределения
  C:\Program Files (x86)\Microsoft SDKs\Windows\v7.1A\include\winnt.h(2031): note: см. предыдущее определение "STATUS_FLOAT_MULTIPLE_TRAPS"
C:\Program Files (x86)\Microsoft SDKs\Windows\v7.1A\include\ntstatus.h(7330): warning C4005: STATUS_REG_NAT_CONSUMPTION: изменение макроопределения
  C:\Program Files (x86)\Microsoft SDKs\Windows\v7.1A\include\winnt.h(2032): note: см. предыдущее определение "STATUS_REG_NAT_CONSUMPTION"
C:\Program Files (x86)\Microsoft SDKs\Windows\v7.1A\include\ntstatus.h(8523): warning C4005: STATUS_STACK_BUFFER_OVERRUN: изменение макроопределения
  C:\Program Files (x86)\Microsoft SDKs\Windows\v7.1A\include\winnt.h(2033): note: см. предыдущее определение "STATUS_STACK_BUFFER_OVERRUN"
C:\Program Files (x86)\Microsoft SDKs\Windows\v7.1A\include\ntstatus.h(8650): warning C4005: STATUS_INVALID_CRUNTIME_PARAMETER: изменение макроопределения
  C:\Program Files (x86)\Microsoft SDKs\Windows\v7.1A\include\winnt.h(2034): note: см. предыдущее определение "STATUS_INVALID_CRUNTIME_PARAMETER"
C:\Program Files (x86)\Microsoft SDKs\Windows\v7.1A\include\ntstatus.h(8713): warning C4005: STATUS_ASSERTION_FAILURE: изменение макроопределения
  C:\Program Files (x86)\Microsoft SDKs\Windows\v7.1A\include\winnt.h(2035): note: см. предыдущее определение "STATUS_ASSERTION_FAILURE"
C:\Program Files (x86)\Microsoft SDKs\Windows\v7.1A\include\ntstatus.h(11904): warning C4005: STATUS_SXS_EARLY_DEACTIVATION: изменение макроопределения
  C:\Program Files (x86)\Microsoft SDKs\Windows\v7.1A\include\winnt.h(2037): note: см. предыдущее определение "STATUS_SXS_EARLY_DEACTIVATION"
C:\Program Files (x86)\Microsoft SDKs\Windows\v7.1A\include\ntstatus.h(11913): warning C4005: STATUS_SXS_INVALID_DEACTIVATION: изменение макроопределения
  C:\Program Files (x86)\Microsoft SDKs\Windows\v7.1A\include\winnt.h(2038): note: см. предыдущее определение "STATUS_SXS_INVALID_DEACTIVATION"
D:\Users\tretdm\Documents\Sources\Git\github.com\tinelix\OpenDSS\tui\src\version.h(32): warning C4005: STATUS_SUCCESS: изменение макроопределения
  C:\Program Files (x86)\Microsoft SDKs\Windows\v7.1A\include\ntstatus.h(64): note: см. предыдущее определение "STATUS_SUCCESS"
src\utils\pguiman.cpp(117): warning C4267: аргумент: преобразование из "size_t" в "int"; возможна потеря данных
  filemanw.cpp
c:\program files (x86)\microsoft sdks\windows\v7.1a\include\sal_supp.h(57): warning C4005: __useHeader: изменение макроопределения
  C:\Program Files (x86)\Microsoft Visual Studio 14.0\VC\include\sal.h(2866): note: см. предыдущее определение "__useHeader"
c:\program files (x86)\microsoft sdks\windows\v7.1a\include\specstrings_supp.h(77): warning C4005: __on_failure: изменение макроопределения
  C:\Program Files (x86)\Microsoft Visual Studio 14.0\VC\include\sal.h(2876): note: см. предыдущее определение "__on_failure"
C:\Program Files (x86)\Microsoft SDKs\Windows\v7.1A\include\wincon.h(101): warning C4005: MOUSE_MOVED: изменение макроопределения
  D:\Users\tretdm\Documents\Sources\Git\github.com\tinelix\OpenDSS\tui\libs\pdcurses\curses.h(192): note: см. предыдущее определение "MOUSE_MOVED"
src\windows\filemanw.cpp(55): warning C4566: символ, представленный универсальным именем символа "\u2524", невозможно представить в текущей кодовой странице (1251)
src\windows\filemanw.cpp(55): warning C4566: символ, представленный универсальным именем символа "\u251C", невозможно представить в текущей кодовой странице (1251)
src\windows\filemanw.cpp(56): warning C4244: аргумент: преобразование "double" в "int", возможна потеря данных
  playerw.cpp
D:\Users\tretdm\Documents\Sources\Git\github.com\tinelix\OpenDSS\tui\..\libs\dse/include/utils/stream.h(53): warning C4091: typedef : пропускается слева от "DSE_STREAM_INFO", когда ни одна переменная не объявлена
D:\Users\tretdm\Documents\Sources\Git\github.com\tinelix\OpenDSS\tui\..\libs\dse/include/utils/stream.h(57): warning C4091: typedef : пропускается слева от "DSE_STREAM_TIMESTAMP", когда ни одна переменная не объявлена
D:\Users\tretdm\Documents\Sources\Git\github.com\tinelix\OpenDSS\tui\..\libs\dse/include/utils/stream.h(62): warning C4091: typedef : пропускается слева от "DSE_AUDIO_SPECTRUM", когда ни одна переменная не объявлена
src\windows\playerw.cpp(82): warning C4566: символ, представленный универсальным именем символа "\u2524", невозможно представить в текущей кодовой странице (1251)
src\windows\playerw.cpp(82): warning C4566: символ, представленный универсальным именем символа "\u251C", невозможно представить в текущей кодовой странице (1251)
src\windows\playerw.cpp(83): warning C4244: аргумент: преобразование "double" в "int", возможна потеря данных
src\windows\playerw.cpp(169): warning C4566: символ, представленный универсальным именем символа "\u25BA", невозможно представить в текущей кодовой странице (1251)
src\windows\playerw.cpp(179): warning C4566: символ, представленный универсальным именем символа "\u2500", невозможно представить в текущей кодовой странице (1251)
src\windows\playerw.cpp(277): warning C4566: символ, представленный универсальным именем символа "\u25BA", невозможно представить в текущей кодовой странице (1251)
src\windows\playerw.cpp(404): warning C4566: символ, представленный универсальным именем символа "\u25A0", невозможно представить в текущей кодовой странице (1251)
src\windows\playerw.cpp(409): warning C4566: символ, представленный универсальным именем символа "\u25A0", невозможно представить в текущей кодовой странице (1251)
src\windows\playerw.cpp(415): warning C4244: аргумент: преобразование "double" в "int", возможна потеря данных
src\windows\playerw.cpp(418): warning C4244: аргумент: преобразование "double" в "int", возможна потеря данных
LINK : warning LNK4075: не учитывается "/INCREMENTAL" из-за спецификации "/LTCG"
msgbox.obj : error LNK2001: неразрешенный внешний символ "box"
msgbox.obj : error LNK2001: неразрешенный внешний символ "wrefresh"
msgbox.obj : error LNK2001: неразрешенный внешний символ "keypad"
msgbox.obj : error LNK2001: неразрешенный внешний символ "newwin"
msgbox.obj : error LNK2001: неразрешенный внешний символ "wbkgd"
msgbox.obj : error LNK2001: неразрешенный внешний символ "getmaxx"
msgbox.obj : error LNK2001: неразрешенный внешний символ "getmaxy"
msgbox.obj : error LNK2001: неразрешенный внешний символ "mvwprintw"
listbox.obj : error LNK2001: неразрешенный внешний символ "mvwchgat"
listbox.obj : error LNK2001: неразрешенный внешний символ "mvwaddch"
extwnd.obj : error LNK2001: неразрешенный внешний символ "delwin"
extwnd.obj : error LNK2001: неразрешенный внешний символ "touchwin"
extwnd.obj : error LNK2001: неразрешенный внешний символ "refresh"
extwnd.obj : error LNK2001: неразрешенный внешний символ "wclear"
pguiman.obj : error LNK2001: неразрешенный внешний символ "printw"
pguiman.obj : error LNK2001: неразрешенный внешний символ "endwin"
pguiman.obj : error LNK2001: неразрешенный внешний символ "noecho"
pguiman.obj : error LNK2001: неразрешенный внешний символ "init_pair"
pguiman.obj : error LNK2001: неразрешенный внешний символ "init_color"
pguiman.obj : error LNK2001: неразрешенный внешний символ "start_color"
pguiman.obj : error LNK2001: неразрешенный внешний символ "initscr"
pguiman.obj : error LNK2001: неразрешенный внешний символ "wgetch"
pguiman.obj : error LNK2001: неразрешенный внешний символ "has_colors"
pguiman.obj : error LNK2001: неразрешенный внешний символ "stdscr"
pguiman.obj : error LNK2001: неразрешенный внешний символ "delscreen"
pguiman.obj : error LNK2001: неразрешенный внешний символ "mvchgat"
pguiman.obj : error LNK2001: неразрешенный внешний символ "move"
pguiman.obj : error LNK2001: неразрешенный внешний символ "curs_set"
pguiman.obj : error LNK2001: неразрешенный внешний символ "bkgd"
playerw.obj : error LNK2001: неразрешенный внешний символ "wtimeout"
playerw.obj : error LNK2001: неразрешенный внешний символ "scrollok"
D:\Users\tretdm\Documents\Sources\Git\github.com\tinelix\OpenDSS\tui\\out\windows-x64\OpenDSS.exe : fatal error LNK1120: неразрешенных внешних элементов: 31
