d:\users\tretdm\documents\sources\git\github.com\tinelix\opendss\libs\dse\out\pdb\vc141.pdb
d:\users\tretdm\documents\sources\git\github.com\tinelix\opendss\libs\dse\out\pdb\vc141.idb
d:\users\tretdm\documents\sources\git\github.com\tinelix\opendss\libs\dse\out\obj\dse.obj
d:\users\tretdm\documents\sources\git\github.com\tinelix\opendss\libs\dse\out\obj\pch.obj
d:\users\tretdm\documents\sources\git\github.com\tinelix\opendss\libs\dse\out\obj\mp3dec.obj
d:\users\tretdm\documents\sources\git\github.com\tinelix\opendss\libs\dse\out\bin\opendse.ilk
d:\users\tretdm\documents\sources\git\github.com\tinelix\opendss\libs\dse\out\bin\opendse.dll
d:\users\tretdm\documents\sources\git\github.com\tinelix\opendss\libs\dse\out\pdb\opendse.pdb
d:\users\tretdm\documents\sources\git\github.com\tinelix\opendss\libs\dse\out\bin\opendse.lib
d:\users\tretdm\documents\sources\git\github.com\tinelix\opendss\libs\dse\out\bin\opendse.exp
d:\users\tretdm\documents\sources\git\github.com\tinelix\opendss\libs\dse\x64\debug\opendse.res
d:\users\tretdm\documents\sources\git\github.com\tinelix\opendss\libs\dse\x64\debug\opendse.tlog\cl.command.1.tlog
d:\users\tretdm\documents\sources\git\github.com\tinelix\opendss\libs\dse\x64\debug\opendse.tlog\cl.read.1.tlog
d:\users\tretdm\documents\sources\git\github.com\tinelix\opendss\libs\dse\x64\debug\opendse.tlog\cl.write.1.tlog
d:\users\tretdm\documents\sources\git\github.com\tinelix\opendss\libs\dse\x64\debug\opendse.tlog\link.command.1.tlog
d:\users\tretdm\documents\sources\git\github.com\tinelix\opendss\libs\dse\x64\debug\opendse.tlog\link.read.1.tlog
d:\users\tretdm\documents\sources\git\github.com\tinelix\opendss\libs\dse\x64\debug\opendse.tlog\link.write.1.tlog
d:\users\tretdm\documents\sources\git\github.com\tinelix\opendss\libs\dse\x64\debug\opendse.tlog\opendse.write.1u.tlog
d:\users\tretdm\documents\sources\git\github.com\tinelix\opendss\libs\dse\x64\debug\opendse.tlog\rc.command.1.tlog
d:\users\tretdm\documents\sources\git\github.com\tinelix\opendss\libs\dse\x64\debug\opendse.tlog\rc.read.1.tlog
d:\users\tretdm\documents\sources\git\github.com\tinelix\opendss\libs\dse\x64\debug\opendse.tlog\rc.write.1.tlog
